Base path: D:/1_Unity/Editor/Data
Cmd: initializeCompiler
Cmd: compileComputeKernel
<<<<<<< HEAD
  api=4 insize=2059 outsize=1517 ok=1
Cmd: compileComputeKernel
  api=4 insize=18299 outsize=8553 ok=1
Cmd: compileComputeKernel
  api=4 insize=1454 outsize=597 ok=1
Cmd: initializeCompiler
Cmd: initializeCompiler
=======
  api=4 insize=2134 outsize=1517 ok=1
Cmd: compileComputeKernel
  api=4 insize=18731 outsize=8781 ok=1
>>>>>>> refs/remotes/origin/LD-branch
Cmd: initializeCompiler
Cmd: initializeCompiler
Cmd: initializeCompiler
Cmd: initializeCompiler
Cmd: initializeCompiler
Cmd: initializeCompiler
Cmd: initializeCompiler

Quitting shader compiler process
